<?xml version="1.0" encoding="UTF-8"?>
<testsuite xmlns:xsi="http://www.w3.org/2001/XMLSchema-instance" xsi:noNamespaceSchemaLocation="https://maven.apache.org/surefire/maven-surefire-plugin/xsd/surefire-test-report-3.0.xsd" version="3.0" name="TestUser" time="0.08" tests="3" errors="0" skipped="0" failures="0">
  <properties>
[...]
</properties>
  <testcase name="test3ArgConstructor" classname="TestUser" time="0.049"/>
  <testcase name="test2ArgConstructor" classname="TestUser" time="0.001"/>
  <testcase name="testConstructor" classname="TestUser" time="0.003"/>
</testsuite>